Using pre-set license
Built from '2021.1/staging' branch; Version is '2021.1.27f1 (7e296a84045d) revision 8268138'; Using compiler version '192528614'; Build Type 'Release'
OS: 'Windows 10 Pro; OS build 19042.1288; Version 2009; 64bit' Language: 'ru' Physical Memory: 16234 MB
BatchMode: 1, IsHumanControllingUs: 0, StartBugReporterOnCrash: 0, Is64bit: 1, IsPro: 0

COMMAND LINE ARGUMENTS:
F:\Unity\2021.1.27f1\Editor\Unity.exe
-adb2
-batchMode
-noUpm
-name
AssetImportWorker0
-projectPath
F:/ProjectS/MotorCross
-logFile
Logs/AssetImportWorker0.log
-srvPort
50456
Successfully changed project path to: F:/ProjectS/MotorCross
F:/ProjectS/MotorCross
Using Asset Import Pipeline V2.
Refreshing native plugins compatible for Editor in 79.37 ms, found 3 plugins.
Preloading 0 native plugins for Editor in 0.00 ms.
Initialize engine version: 2021.1.27f1 (7e296a84045d)
[Subsystems] Discovering subsystems at path F:/Unity/2021.1.27f1/Editor/Data/Resources/UnitySubsystems
[Subsystems] Discovering subsystems at path F:/ProjectS/MotorCross/Assets
GfxDevice: creating device client; threaded=0; jobified=0
Direct3D:
    Version:  Direct3D 11.0 [level 11.1]
    Renderer: NVIDIA GeForce GTX 1050 Ti (ID=0x1c8c)
    Vendor:   NVIDIA
    VRAM:     4018 MB
    Driver:   27.21.14.6192
Initialize mono
Mono path[0] = 'F:/Unity/2021.1.27f1/Editor/Data/Managed'
Mono path[1] = 'F:/Unity/2021.1.27f1/Editor/Data/MonoBleedingEdge/lib/mono/unityjit'
Mono config path = 'F:/Unity/2021.1.27f1/Editor/Data/MonoBleedingEdge/etc'
Using monoOptions --debugger-agent=transport=dt_socket,embedding=1,server=y,suspend=n,address=127.0.0.1:56856
Begin MonoManager ReloadAssembly
Registering precompiled unity dll's ...
Register platform support module: F:/Unity/2021.1.27f1/Editor/Data/PlaybackEngines/WindowsStandaloneSupport/UnityEditor.WindowsStandalone.Extensions.dll
Registered in 0.001004 seconds.
Native extension for WindowsStandalone target not found
Refreshing native plugins compatible for Editor in 98.22 ms, found 3 plugins.
Preloading 0 native plugins for Editor in 0.00 ms.
Mono: successfully reloaded assembly
- Completed reload, in  1.110 seconds
Domain Reload Profiling:
	ReloadAssembly (1110ms)
		BeginReloadAssembly (56ms)
			ExecutionOrderSort (0ms)
			DisableScriptedObjects (0ms)
			BackupInstance (0ms)
			ReleaseScriptingObjects (0ms)
			CreateAndSetChildDomain (1ms)
		EndReloadAssembly (555ms)
			LoadAssemblies (55ms)
			RebuildTransferFunctionScriptingTraits (0ms)
			SetupTypeCache (169ms)
			ReleaseScriptCaches (0ms)
			RebuildScriptCaches (35ms)
			SetupLoadedEditorAssemblies (299ms)
				LogAssemblyErrors (0ms)
				InitializePlatformSupportModulesInManaged (7ms)
				SetLoadedEditorAssemblies (0ms)
				RefreshPlugins (98ms)
				BeforeProcessingInitializeOnLoad (1ms)
				ProcessInitializeOnLoadAttributes (155ms)
				ProcessInitializeOnLoadMethodAttributes (37ms)
				AfterProcessingInitializeOnLoad (0ms)
				EditorAssembliesLoaded (0ms)
			ExecutionOrderSort2 (0ms)
			AwakeInstancesAfterBackupRestoration (0ms)
Platform modules already initialized, skipping
Registering precompiled user dll's ...
Registered in 0.004892 seconds.
Begin MonoManager ReloadAssembly
Symbol file LoadedFromMemory doesn't match image F:\ProjectS\MotorCross\Library\PackageCache\com.unity.visualscripting@1.6.1\Editor\VisualScripting.Core\Dependencies\YamlDotNet\Unity.VisualScripting.YamlDotNet.dll
Symbol file LoadedFromMemory doesn't match image F:\ProjectS\MotorCross\Library\PackageCache\com.unity.visualscripting@1.6.1\Editor\VisualScripting.Core\Dependencies\DotNetZip\Unity.VisualScripting.IonicZip.dll
Native extension for WindowsStandalone target not found
Refreshing native plugins compatible for Editor in 0.64 ms, found 3 plugins.
Preloading 0 native plugins for Editor in 0.00 ms.
Mono: successfully reloaded assembly
- Completed reload, in  1.784 seconds
Domain Reload Profiling:
	ReloadAssembly (1785ms)
		BeginReloadAssembly (153ms)
			ExecutionOrderSort (0ms)
			DisableScriptedObjects (4ms)
			BackupInstance (0ms)
			ReleaseScriptingObjects (0ms)
			CreateAndSetChildDomain (24ms)
		EndReloadAssembly (1581ms)
			LoadAssemblies (471ms)
			RebuildTransferFunctionScriptingTraits (0ms)
			SetupTypeCache (501ms)
			ReleaseScriptCaches (1ms)
			RebuildScriptCaches (68ms)
			SetupLoadedEditorAssemblies (414ms)
				LogAssemblyErrors (0ms)
				InitializePlatformSupportModulesInManaged (6ms)
				SetLoadedEditorAssemblies (0ms)
				RefreshPlugins (1ms)
				BeforeProcessingInitializeOnLoad (81ms)
				ProcessInitializeOnLoadAttributes (309ms)
				ProcessInitializeOnLoadMethodAttributes (13ms)
				AfterProcessingInitializeOnLoad (3ms)
				EditorAssembliesLoaded (0ms)
			ExecutionOrderSort2 (0ms)
			AwakeInstancesAfterBackupRestoration (9ms)
Platform modules already initialized, skipping
========================================================================
Worker process is ready to serve import requests
Launched and connected shader compiler UnityShaderCompiler.exe after 0.19 seconds
Refreshing native plugins compatible for Editor in 1.03 ms, found 3 plugins.
Preloading 0 native plugins for Editor in 0.00 ms.
Unloading 3040 Unused Serialized files (Serialized files now loaded: 0)
System memory in use before: 108.0 MB.
System memory in use after: 108.2 MB.

Unloading 23 unused Assets to reduce memory usage. Loaded Objects now: 3483.
Total: 6.145500 ms (FindLiveObjects: 0.400500 ms CreateObjectMapping: 0.322100 ms MarkObjects: 4.859300 ms  DeleteObjects: 0.561000 ms)

AssetImportParameters requested are different than current active one (requested -> active):
  custom:framework-win-MediaFoundation: 216162199b28c13a410421893ffa2e32 -> 
  custom:video-decoder-ogg-theora: a1e56fd34408186e4bbccfd4996cb3dc -> 
  custom:container-muxer-webm: aa71ff27fc2769a1b78a27578f13a17b -> 
  custom:container-demuxer-webm: 4f35f7cbe854078d1ac9338744f61a02 -> 
  custom:container-demuxer-ogg: 62fdf1f143b41e24485cea50d1cbac27 -> 
  custom:video-encoder-webm-vp8: eb34c28f22e8b96e1ab97ce403110664 -> 
  custom:video-codec-MediaFoundation-h265: 746d11721c4dcdbdad8f713fa42b33f4 -> 
  custom:video-decoder-webm-vp8: 9c59270c3fd7afecdb556c50c9e8de78 -> 
  custom:audio-decoder-ogg-vorbis: bf7c407c2cedff20999df2af8eb42d56 -> 
  custom:audio-encoder-webm-vorbis: bf7c407c2cedff20999df2af8eb42d56 -> 
========================================================================
Received Import Request.
  path: Assets/MX_D1_L1/Prefab/Track_MX_D1_L1_Parse.prefab
  artifactKey: Guid(bca67cd153aef7540944704109f02d57) Importer(815301076,1909f56bfc062723c751e8b465ee728b)
Start importing Assets/MX_D1_L1/Prefab/Track_MX_D1_L1_Parse.prefab using Guid(bca67cd153aef7540944704109f02d57) Importer(815301076,1909f56bfc062723c751e8b465ee728b)  -> (artifact id: '1940417c17a7906d562d22fecc453740') in 0.463955 seconds 
========================================================================
Received Import Request.
  Time since last request: 0.000419 seconds.
  path: Assets/MX_D1_L1/Prefab/Track_MX_D1_L1.prefab
  artifactKey: Guid(8161b7dc7e71107489a4d076c4290161) Importer(815301076,1909f56bfc062723c751e8b465ee728b)
Start importing Assets/MX_D1_L1/Prefab/Track_MX_D1_L1.prefab using Guid(8161b7dc7e71107489a4d076c4290161) Importer(815301076,1909f56bfc062723c751e8b465ee728b)  -> (artifact id: 'ea9c0f612045a328fa79eb3fa5dfb1d0') in 0.080333 seconds 
========================================================================
Received Import Request.
  Time since last request: 232.201846 seconds.
  path: Assets/MX_D1_L1/Textures/MX_D1_L1_earthVRayCompleteMap.png
  artifactKey: Guid(69b1d78be5d7cec42868438de3a6d0c3) Importer(815301076,1909f56bfc062723c751e8b465ee728b)
Start importing Assets/MX_D1_L1/Textures/MX_D1_L1_earthVRayCompleteMap.png using Guid(69b1d78be5d7cec42868438de3a6d0c3) Importer(815301076,1909f56bfc062723c751e8b465ee728b)  -> (artifact id: '3f725e3e89f91558fa9875cf5ebcbdc3') in 0.119803 seconds 
========================================================================
Received Import Request.
  Time since last request: 0.000265 seconds.
  path: Assets/MX_D1_L1/Textures/MX_D1_L1_part2VRayCompleteMap.png
  artifactKey: Guid(f06b909470933204691b80eafb451d98) Importer(815301076,1909f56bfc062723c751e8b465ee728b)
Start importing Assets/MX_D1_L1/Textures/MX_D1_L1_part2VRayCompleteMap.png using Guid(f06b909470933204691b80eafb451d98) Importer(815301076,1909f56bfc062723c751e8b465ee728b)  -> (artifact id: '588fcf115ab974971cfae1ec57590955') in 0.012443 seconds 
========================================================================
Received Import Request.
  Time since last request: 0.000325 seconds.
  path: Assets/MX_D1_L1/Textures/MX_D1_L1_part3VRayCompleteMap.png
  artifactKey: Guid(dfac78f5e297c514c985c050c70bdfd1) Importer(815301076,1909f56bfc062723c751e8b465ee728b)
Start importing Assets/MX_D1_L1/Textures/MX_D1_L1_part3VRayCompleteMap.png using Guid(dfac78f5e297c514c985c050c70bdfd1) Importer(815301076,1909f56bfc062723c751e8b465ee728b)  -> (artifact id: '390d2519d89908102157b38bc03bfb2f') in 0.015222 seconds 
========================================================================
Received Import Request.
  Time since last request: 0.000324 seconds.
  path: Assets/MX_D1_L1/Textures/MX_D1_L1_part4VRayCompleteMap.png
  artifactKey: Guid(139b7bec75d9acf4d8b67b126eeea00e) Importer(815301076,1909f56bfc062723c751e8b465ee728b)
Start importing Assets/MX_D1_L1/Textures/MX_D1_L1_part4VRayCompleteMap.png using Guid(139b7bec75d9acf4d8b67b126eeea00e) Importer(815301076,1909f56bfc062723c751e8b465ee728b)  -> (artifact id: '47dac4d3acba730ac1f6f64bf99bc74d') in 0.013128 seconds 
========================================================================
Received Import Request.
  Time since last request: 0.000380 seconds.
  path: Assets/MX_D1_L1/Textures/MX_D1_L1_SFVRayCompleteMap.png
  artifactKey: Guid(4b04a155d40782646b909cae8958b781) Importer(815301076,1909f56bfc062723c751e8b465ee728b)
Start importing Assets/MX_D1_L1/Textures/MX_D1_L1_SFVRayCompleteMap.png using Guid(4b04a155d40782646b909cae8958b781) Importer(815301076,1909f56bfc062723c751e8b465ee728b)  -> (artifact id: 'e366fc87b9ccd7e35308666cb7f79b35') in 0.013966 seconds 
========================================================================
Received Import Request.
  Time since last request: 0.000304 seconds.
  path: Assets/MX_D1_L1/Textures/MX_D1_L1_part1VRayCompleteMap.png
  artifactKey: Guid(f479a5011efccc241826fc1cfdad743a) Importer(815301076,1909f56bfc062723c751e8b465ee728b)
Start importing Assets/MX_D1_L1/Textures/MX_D1_L1_part1VRayCompleteMap.png using Guid(f479a5011efccc241826fc1cfdad743a) Importer(815301076,1909f56bfc062723c751e8b465ee728b)  -> (artifact id: '4b765b83544dd0d7e1b8b46e3d3fd997') in 0.014118 seconds 
AssetImportWorkerClient::OnTransportError - code=2 error=End of file
